<?xml version="1.0" encoding="UTF-8"?>
<!-- Generated by org.testng.reporters.JUnitXMLReporter -->
<testsuite ignored="0" hostname="LAPTOP-KHONK8Q1" failures="0" tests="1" name="Default test(failed)" time="6.389" errors="0" timestamp="2024-03-11T14:59:30 IST">
  <testcase classname="Amazon.Project_On_Amazon.Amz_Launch_And_Quit" name="@BeforeMethod launch_and_signIn" time="6.357">
    <failure type="java.io.IOException" message="The filename, directory name, or volume label syntax is incorrect">
      <![CDATA[java.io.IOException: The filename, directory name, or volume label syntax is incorrect
at java.base/java.io.WinNTFileSystem.canonicalize0(Native Method)
at java.base/java.io.WinNTFileSystem.canonicalize(WinNTFileSystem.java:462)
at java.base/java.io.File.getCanonicalPath(File.java:626)
at org.apache.commons.io.FileUtils.requireCanonicalPathsNotEquals(FileUtils.java:2601)
at org.apache.commons.io.FileUtils.copyFile(FileUtils.java:842)
at org.apache.commons.io.FileUtils.copyFile(FileUtils.java:756)
at Amazon.Project_On_Amazon.Amz_Launch_And_Quit.launch_and_signIn(Amz_Launch_And_Quit.java:52)
at java.base/java.util.ArrayList.forEach(ArrayList.java:1511)
... Removed 31 stack frames]]>
    </failure>
  </testcase> <!-- @BeforeMethod launch_and_signIn -->
  <testcase classname="Amazon.Project_On_Amazon.Amz_Card_Details" name="card" time="0.0">
    <skipped/>
  </testcase> <!-- card -->
</testsuite> <!-- Default test(failed) -->
